<?xml version="1.0" encoding="UTF-8"?>
<testng-results ignored="0" total="6" passed="4" failed="0" skipped="2">
  <reporter-output>
    <line>
      <![CDATA[Click to see the Screenshot]]>
    </line>
    <line>
      <![CDATA[<br>Verification Failure: expected [xyx] but found [yzy]<br>]]>
    </line>
    <line>
      <![CDATA[<a target="_blank" href=C:\Users\Dooby\eclipse-workspace\Final-Projects\DataDrivenFramework\target\surefire-reports\html\Protractor_practice_website_-_Banking_AppTue_Apr_06_21_07_53_IST_2021.jpg><img src=C:\Users\Dooby\eclipse-workspace\Final-Projects\DataDrivenFramework\target\surefire-reports\html\Protractor_practice_website_-_Banking_AppTue_Apr_06_21_07_53_IST_2021.jpg height = 400 width = 600></img></a>]]>
    </line>
    <line>
      <![CDATA[<br>]]>
    </line>
    <line>
      <![CDATA[<br>]]>
    </line>
  </reporter-output>
  <suite started-at="2021-04-06T21:07:53 IST" name="Data Driven Basics" finished-at="2021-04-06T21:08:41 IST" duration-ms="48193">
    <groups>
    </groups>
    <test started-at="2021-04-06T21:07:53 IST" name=" Bank Manager Login Test" finished-at="2021-04-06T21:07:57 IST" duration-ms="3500">
      <class name="com.dooby.testCases.BankManagerLoginTest">
        <test-method signature="bankManagerLoginTest()[pri:0, instance:com.dooby.testCases.BankManagerLoginTest@1a20270e]" started-at="2021-04-06T21:07:53 IST" name="bankManagerLoginTest" finished-at="2021-04-06T21:07:56 IST" duration-ms="3217" status="PASS">
          <reporter-output>
            <line>
              <![CDATA[Click to see the Screenshot]]>
            </line>
            <line>
              <![CDATA[<br>Verification Failure: expected [xyx] but found [yzy]<br>]]>
            </line>
            <line>
              <![CDATA[<a target="_blank" href=C:\Users\Dooby\eclipse-workspace\Final-Projects\DataDrivenFramework\target\surefire-reports\html\Protractor_practice_website_-_Banking_AppTue_Apr_06_21_07_53_IST_2021.jpg><img src=C:\Users\Dooby\eclipse-workspace\Final-Projects\DataDrivenFramework\target\surefire-reports\html\Protractor_practice_website_-_Banking_AppTue_Apr_06_21_07_53_IST_2021.jpg height = 400 width = 600></img></a>]]>
            </line>
            <line>
              <![CDATA[<br>]]>
            </line>
            <line>
              <![CDATA[<br>]]>
            </line>
          </reporter-output>
        </test-method> <!-- bankManagerLoginTest -->
      </class> <!-- com.dooby.testCases.BankManagerLoginTest -->
    </test> <!--  Bank Manager Login Test -->
    <test started-at="2021-04-06T21:08:07 IST" name=" Add Customer Test" finished-at="2021-04-06T21:08:31 IST" duration-ms="24264">
      <class name="com.dooby.testCases.AddCustomerTest">
        <test-method signature="addCustomerTest(java.util.Hashtable)[pri:0, instance:com.dooby.testCases.AddCustomerTest@bcef303]" started-at="2021-04-06T21:08:07 IST" name="addCustomerTest" data-provider="podu" finished-at="2021-04-06T21:08:14 IST" duration-ms="7298" status="PASS">
          <params>
            <param index="0">
              <value>
                <![CDATA[{Postcode=221002.0, Fname=Pooja, runmode=Y, Lastname=Dubey, AlertText=Customer added successfully}]]>
              </value>
            </param>
          </params>
          <reporter-output>
          </reporter-output>
        </test-method> <!-- addCustomerTest -->
        <test-method signature="addCustomerTest(java.util.Hashtable)[pri:0, instance:com.dooby.testCases.AddCustomerTest@bcef303]" started-at="2021-04-06T21:08:14 IST" name="addCustomerTest" data-provider="podu" finished-at="2021-04-06T21:08:16 IST" duration-ms="2001" status="SKIP">
          <params>
            <param index="0">
              <value>
                <![CDATA[{Postcode=221003.0, Fname=Pooja2, runmode=N, Lastname=Dubey, AlertText=Customer added successfully}]]>
              </value>
            </param>
          </params>
          <exception class="org.testng.SkipException">
            <message>
              <![CDATA[Skipping the test case as the Run mode for data set is NO !!!]]>
            </message>
            <full-stacktrace>
              <![CDATA[org.testng.SkipException: Skipping the test case as the Run mode for data set is NO !!!
at com.dooby.testCases.AddCustomerTest.addCustomerTest(AddCustomerTest.java:24)
at java.base/jdk.internal.reflect.NativeMethodAccessorImpl.invoke0(Native Method)
at java.base/jdk.internal.reflect.NativeMethodAccessorImpl.invoke(NativeMethodAccessorImpl.java:64)
at java.base/jdk.internal.reflect.DelegatingMethodAccessorImpl.invoke(DelegatingMethodAccessorImpl.java:43)
at java.base/java.lang.reflect.Method.invoke(Method.java:564)
at org.testng.internal.MethodInvocationHelper.invokeMethod(MethodInvocationHelper.java:132)
at org.testng.internal.TestInvoker.invokeMethod(TestInvoker.java:599)
at org.testng.internal.TestInvoker.invokeTestMethod(TestInvoker.java:174)
at org.testng.internal.MethodRunner.runInSequence(MethodRunner.java:46)
at org.testng.internal.TestInvoker$MethodInvocationAgent.invoke(TestInvoker.java:822)
at org.testng.internal.TestInvoker.invokeTestMethods(TestInvoker.java:147)
at org.testng.internal.TestMethodWorker.invokeTestMethods(TestMethodWorker.java:146)
at org.testng.internal.TestMethodWorker.run(TestMethodWorker.java:128)
at java.base/java.util.ArrayList.forEach(ArrayList.java:1511)
at org.testng.TestRunner.privateRun(TestRunner.java:764)
at org.testng.TestRunner.run(TestRunner.java:585)
at org.testng.SuiteRunner.runTest(SuiteRunner.java:384)
at org.testng.SuiteRunner.runSequentially(SuiteRunner.java:378)
at org.testng.SuiteRunner.privateRun(SuiteRunner.java:337)
at org.testng.SuiteRunner.run(SuiteRunner.java:286)
at org.testng.SuiteRunnerWorker.runSuite(SuiteRunnerWorker.java:53)
at org.testng.SuiteRunnerWorker.run(SuiteRunnerWorker.java:96)
at org.testng.TestNG.runSuitesSequentially(TestNG.java:1218)
at org.testng.TestNG.runSuitesLocally(TestNG.java:1140)
at org.testng.TestNG.runSuites(TestNG.java:1069)
at org.testng.TestNG.run(TestNG.java:1037)
at org.apache.maven.surefire.testng.TestNGExecutor.run(TestNGExecutor.java:284)
at org.apache.maven.surefire.testng.TestNGXmlTestSuite.execute(TestNGXmlTestSuite.java:75)
at org.apache.maven.surefire.testng.TestNGProvider.invoke(TestNGProvider.java:119)
at org.apache.maven.surefire.booter.ForkedBooter.runSuitesInProcess(ForkedBooter.java:428)
at org.apache.maven.surefire.booter.ForkedBooter.execute(ForkedBooter.java:162)
at org.apache.maven.surefire.booter.ForkedBooter.run(ForkedBooter.java:562)
at org.apache.maven.surefire.booter.ForkedBooter.main(ForkedBooter.java:548)
]]>
            </full-stacktrace>
          </exception> <!-- org.testng.SkipException -->
          <reporter-output>
          </reporter-output>
        </test-method> <!-- addCustomerTest -->
        <test-method signature="addCustomerTest(java.util.Hashtable)[pri:0, instance:com.dooby.testCases.AddCustomerTest@bcef303]" started-at="2021-04-06T21:08:16 IST" name="addCustomerTest" data-provider="podu" finished-at="2021-04-06T21:08:23 IST" duration-ms="7311" status="PASS">
          <params>
            <param index="0">
              <value>
                <![CDATA[{Postcode=221004.0, Fname=Pooja3, runmode=Y, Lastname=Dubey, AlertText=Customer added successfully}]]>
              </value>
            </param>
          </params>
          <reporter-output>
          </reporter-output>
        </test-method> <!-- addCustomerTest -->
        <test-method signature="addCustomerTest(java.util.Hashtable)[pri:0, instance:com.dooby.testCases.AddCustomerTest@bcef303]" started-at="2021-04-06T21:08:24 IST" name="addCustomerTest" data-provider="podu" finished-at="2021-04-06T21:08:31 IST" duration-ms="7305" status="PASS">
          <params>
            <param index="0">
              <value>
                <![CDATA[{Postcode=221005.0, Fname=Pooja4, runmode=Y, Lastname=Dubey, AlertText=Customer added successfully}]]>
              </value>
            </param>
          </params>
          <reporter-output>
          </reporter-output>
        </test-method> <!-- addCustomerTest -->
      </class> <!-- com.dooby.testCases.AddCustomerTest -->
    </test> <!--  Add Customer Test -->
    <test started-at="2021-04-06T21:08:41 IST" name=" Open Account Test" finished-at="2021-04-06T21:08:41 IST" duration-ms="22">
      <class name="com.dooby.testCases.OpenAccountTest">
        <test-method is-config="true" signature="setUp()[pri:0, instance:com.dooby.testCases.OpenAccountTest@7d1cfb8b]" started-at="2021-04-06T21:07:48 IST" name="setUp" finished-at="2021-04-06T21:07:53 IST" duration-ms="5276" status="PASS">
          <reporter-output>
          </reporter-output>
        </test-method> <!-- setUp -->
        <test-method signature="openAccountTest(java.util.Hashtable)[pri:0, instance:com.dooby.testCases.OpenAccountTest@7d1cfb8b]" started-at="2021-04-06T21:08:41 IST" name="openAccountTest" data-provider="podu" finished-at="2021-04-06T21:08:41 IST" duration-ms="0" status="SKIP">
          <params>
            <param index="0">
              <value>
                <![CDATA[{Currency=Pound, Customer=Pooja Dubey}]]>
              </value>
            </param>
          </params>
          <exception class="org.testng.SkipException">
            <message>
              <![CDATA[Skipping the Test Case openAccountTest As the run mode is NO]]>
            </message>
            <full-stacktrace>
              <![CDATA[org.testng.SkipException: Skipping the Test Case openAccountTest As the run mode is NO
at com.dooby.testCases.OpenAccountTest.openAccountTest(OpenAccountTest.java:22)
at java.base/jdk.internal.reflect.NativeMethodAccessorImpl.invoke0(Native Method)
at java.base/jdk.internal.reflect.NativeMethodAccessorImpl.invoke(NativeMethodAccessorImpl.java:64)
at java.base/jdk.internal.reflect.DelegatingMethodAccessorImpl.invoke(DelegatingMethodAccessorImpl.java:43)
at java.base/java.lang.reflect.Method.invoke(Method.java:564)
at org.testng.internal.MethodInvocationHelper.invokeMethod(MethodInvocationHelper.java:132)
at org.testng.internal.TestInvoker.invokeMethod(TestInvoker.java:599)
at org.testng.internal.TestInvoker.invokeTestMethod(TestInvoker.java:174)
at org.testng.internal.MethodRunner.runInSequence(MethodRunner.java:46)
at org.testng.internal.TestInvoker$MethodInvocationAgent.invoke(TestInvoker.java:822)
at org.testng.internal.TestInvoker.invokeTestMethods(TestInvoker.java:147)
at org.testng.internal.TestMethodWorker.invokeTestMethods(TestMethodWorker.java:146)
at org.testng.internal.TestMethodWorker.run(TestMethodWorker.java:128)
at java.base/java.util.ArrayList.forEach(ArrayList.java:1511)
at org.testng.TestRunner.privateRun(TestRunner.java:764)
at org.testng.TestRunner.run(TestRunner.java:585)
at org.testng.SuiteRunner.runTest(SuiteRunner.java:384)
at org.testng.SuiteRunner.runSequentially(SuiteRunner.java:378)
at org.testng.SuiteRunner.privateRun(SuiteRunner.java:337)
at org.testng.SuiteRunner.run(SuiteRunner.java:286)
at org.testng.SuiteRunnerWorker.runSuite(SuiteRunnerWorker.java:53)
at org.testng.SuiteRunnerWorker.run(SuiteRunnerWorker.java:96)
at org.testng.TestNG.runSuitesSequentially(TestNG.java:1218)
at org.testng.TestNG.runSuitesLocally(TestNG.java:1140)
at org.testng.TestNG.runSuites(TestNG.java:1069)
at org.testng.TestNG.run(TestNG.java:1037)
at org.apache.maven.surefire.testng.TestNGExecutor.run(TestNGExecutor.java:284)
at org.apache.maven.surefire.testng.TestNGXmlTestSuite.execute(TestNGXmlTestSuite.java:75)
at org.apache.maven.surefire.testng.TestNGProvider.invoke(TestNGProvider.java:119)
at org.apache.maven.surefire.booter.ForkedBooter.runSuitesInProcess(ForkedBooter.java:428)
at org.apache.maven.surefire.booter.ForkedBooter.execute(ForkedBooter.java:162)
at org.apache.maven.surefire.booter.ForkedBooter.run(ForkedBooter.java:562)
at org.apache.maven.surefire.booter.ForkedBooter.main(ForkedBooter.java:548)
]]>
            </full-stacktrace>
          </exception> <!-- org.testng.SkipException -->
          <reporter-output>
          </reporter-output>
        </test-method> <!-- openAccountTest -->
        <test-method is-config="true" signature="tearDown()[pri:0, instance:com.dooby.testCases.OpenAccountTest@7d1cfb8b]" started-at="2021-04-06T21:08:49 IST" name="tearDown" finished-at="2021-04-06T21:08:50 IST" duration-ms="664" status="PASS">
          <reporter-output>
          </reporter-output>
        </test-method> <!-- tearDown -->
      </class> <!-- com.dooby.testCases.OpenAccountTest -->
    </test> <!--  Open Account Test -->
  </suite> <!-- Data Driven Basics -->
</testng-results>
