<?xml version="1.0" encoding="UTF-8"?>
<!-- Generated by org.testng.reporters.JUnitXMLReporter -->
<testsuite ignored="0" hostname="Dooby" failures="1" tests="1" name=" Bank Manager Login Test" time="6.046" errors="0" timestamp="2021-04-02T13:23:42 IST">
  <testcase classname="com.dooby.testCases.BankManagerLoginTest" name="loginAsManager" time="5.536">
    <failure type="java.lang.AssertionError" message="Failing the test to test Liteners">
      <![CDATA[java.lang.AssertionError: Failing the test to test Liteners
at com.dooby.testCases.BankManagerLoginTest.loginAsManager(BankManagerLoginTest.java:33)
at java.base/java.util.ArrayList.forEach(ArrayList.java:1511)
... Removed 28 stack frames]]>
    </failure>
  </testcase> <!-- loginAsManager -->
</testsuite> <!--  Bank Manager Login Test -->
